build/app/intermediates/manifest_merge_blame_file/debug/manifest-merger-blame-debug-report.txt
1<?xml version="1.0" encoding="utf-8"?>
2<manifest xmlns:android="http://schemas.android.com/apk/res/android"
3    package="com.example.projeto_reg_snake"
4    android:versionCode="1"
5    android:versionName="1.0.0" >
6
7    <uses-sdk
8        android:minSdkVersion="16"
9        android:targetSdkVersion="30" />
10    <!--
11         Flutter needs it to communicate with the running application
12         to allow setting breakpoints, to provide hot reload, etc.
13    -->
14    <uses-permission android:name="android.permission.INTERNET" />
14-->src\debug\AndroidManifest.xml:6:5-66
14-->src\debug\AndroidManifest.xml:6:22-64
15    <uses-permission android:name="android.permission.READ_EXTERNAL_STORAGE" />
15-->[:image_picker] AndroidManifest.xml:7:5-80
15-->[:image_picker] AndroidManifest.xml:7:22-77
16    <uses-permission android:name="android.permission.WRITE_EXTERNAL_STORAGE" />
16-->[:image_picker] AndroidManifest.xml:8:5-81
16-->[:image_picker] AndroidManifest.xml:8:22-78
17    <uses-permission android:name="android.permission.CAMERA" />
17-->[:flutter_barcode_scanner] AndroidManifest.xml:9:5-65
17-->[:flutter_barcode_scanner] AndroidManifest.xml:9:22-62
18
19    <uses-feature android:name="android.hardware.camera" />
19-->[:flutter_barcode_scanner] AndroidManifest.xml:11:5-60
19-->[:flutter_barcode_scanner] AndroidManifest.xml:11:19-57
20
21    <uses-permission android:name="android.permission.FLASHLIGHT" />
21-->[:flutter_barcode_scanner] AndroidManifest.xml:13:5-69
21-->[:flutter_barcode_scanner] AndroidManifest.xml:13:22-66
22
23    <application
23-->src\main\AndroidManifest.xml:3:4-40:19
24        android:appComponentFactory="androidx.core.app.CoreComponentFactory"
24-->[androidx.core:core:1.3.1] AndroidManifest.xml:24:18-86
25        android:debuggable="true"
26        android:icon="@mipmap/ic_launcher"
26-->src\main\AndroidManifest.xml:5:9-43
27        android:label="projeto_reg_snake"
27-->src\main\AndroidManifest.xml:4:9-42
28        android:largeHeap="true"
28-->[:flutter_barcode_scanner] AndroidManifest.xml:16:9-33
29        android:theme="@style/Theme.AppCompat.NoActionBar" >
29-->[:flutter_barcode_scanner] AndroidManifest.xml:17:9-59
30        <activity
30-->src\main\AndroidManifest.xml:6:9-34:20
31            android:name="com.example.projeto_reg_snake.MainActivity"
31-->src\main\AndroidManifest.xml:7:13-41
32            android:configChanges="orientation|keyboardHidden|keyboard|screenSize|smallestScreenSize|locale|layoutDirection|fontScale|screenLayout|density|uiMode"
32-->src\main\AndroidManifest.xml:10:13-163
33            android:hardwareAccelerated="true"
33-->src\main\AndroidManifest.xml:11:13-47
34            android:launchMode="singleTop"
34-->src\main\AndroidManifest.xml:8:13-43
35            android:theme="@style/LaunchTheme"
35-->src\main\AndroidManifest.xml:9:13-47
36            android:windowSoftInputMode="adjustResize" >
36-->src\main\AndroidManifest.xml:12:13-55
37
38            <!--
39                 Specifies an Android theme to apply to this Activity as soon as
40                 the Android process has started. This theme is visible to the user
41                 while the Flutter UI initializes. After that, this theme continues
42                 to determine the Window background behind the Flutter UI.
43            -->
44            <meta-data
44-->src\main\AndroidManifest.xml:17:13-20:17
45                android:name="io.flutter.embedding.android.NormalTheme"
45-->src\main\AndroidManifest.xml:18:15-70
46                android:resource="@style/NormalTheme" />
46-->src\main\AndroidManifest.xml:19:15-52
47            <!--
48                 Displays an Android View that continues showing the launch screen
49                 Drawable until Flutter paints its first frame, then this splash
50                 screen fades out. A splash screen is useful to avoid any visual
51                 gap between the end of Android's launch screen and the painting of
52                 Flutter's first frame.
53            -->
54            <meta-data
54-->src\main\AndroidManifest.xml:26:13-29:17
55                android:name="io.flutter.embedding.android.SplashScreenDrawable"
55-->src\main\AndroidManifest.xml:27:15-79
56                android:resource="@drawable/launch_background" />
56-->src\main\AndroidManifest.xml:28:15-61
57
58            <intent-filter>
58-->src\main\AndroidManifest.xml:30:13-33:29
59                <action android:name="android.intent.action.MAIN" />
59-->src\main\AndroidManifest.xml:31:17-68
59-->src\main\AndroidManifest.xml:31:25-66
60
61                <category android:name="android.intent.category.LAUNCHER" />
61-->src\main\AndroidManifest.xml:32:17-76
61-->src\main\AndroidManifest.xml:32:27-74
62            </intent-filter>
63        </activity>
64        <!--
65             Don't delete the meta-data below.
66             This is used by the Flutter tool to generate GeneratedPluginRegistrant.java
67        -->
68        <meta-data
68-->src\main\AndroidManifest.xml:37:9-39:33
69            android:name="flutterEmbedding"
69-->src\main\AndroidManifest.xml:38:13-44
70            android:value="2" />
70-->src\main\AndroidManifest.xml:39:13-30
71
72        <provider
72-->[:image_picker] AndroidManifest.xml:11:9-19:20
73            android:name="io.flutter.plugins.imagepicker.ImagePickerFileProvider"
73-->[:image_picker] AndroidManifest.xml:12:13-82
74            android:authorities="com.example.projeto_reg_snake.flutter.image_provider"
74-->[:image_picker] AndroidManifest.xml:13:13-74
75            android:exported="false"
75-->[:image_picker] AndroidManifest.xml:14:13-37
76            android:grantUriPermissions="true" >
76-->[:image_picker] AndroidManifest.xml:15:13-47
77            <meta-data
77-->[:image_picker] AndroidManifest.xml:16:13-18:75
78                android:name="android.support.FILE_PROVIDER_PATHS"
78-->[:image_picker] AndroidManifest.xml:17:17-67
79                android:resource="@xml/flutter_image_picker_file_paths" />
79-->[:image_picker] AndroidManifest.xml:18:17-72
80        </provider>
81
82        <activity android:name="com.amolg.flutterbarcodescanner.BarcodeCaptureActivity" />
82-->[:flutter_barcode_scanner] AndroidManifest.xml:18:9-91
82-->[:flutter_barcode_scanner] AndroidManifest.xml:18:19-88
83
84        <provider
84-->[com.sangcomz:FishBun:0.11.2] AndroidManifest.xml:12:9-20:20
85            android:name="com.sangcomz.fishbun.FishBunFileProvider"
85-->[com.sangcomz:FishBun:0.11.2] AndroidManifest.xml:13:13-68
86            android:authorities="com.example.projeto_reg_snake.fishbunfileprovider"
86-->[com.sangcomz:FishBun:0.11.2] AndroidManifest.xml:14:13-71
87            android:exported="false"
87-->[com.sangcomz:FishBun:0.11.2] AndroidManifest.xml:15:13-37
88            android:grantUriPermissions="true" >
88-->[com.sangcomz:FishBun:0.11.2] AndroidManifest.xml:16:13-47
89            <meta-data
89-->[:image_picker] AndroidManifest.xml:16:13-18:75
90                android:name="android.support.FILE_PROVIDER_PATHS"
90-->[:image_picker] AndroidManifest.xml:17:17-67
91                android:resource="@xml/provider_paths" />
91-->[:image_picker] AndroidManifest.xml:18:17-72
92        </provider>
93
94        <activity
94-->[com.sangcomz:FishBun:0.11.2] AndroidManifest.xml:22:9-25:51
95            android:name="com.sangcomz.fishbun.ui.album.AlbumActivity"
95-->[com.sangcomz:FishBun:0.11.2] AndroidManifest.xml:23:13-71
96            android:label="@string/album"
96-->[com.sangcomz:FishBun:0.11.2] AndroidManifest.xml:24:13-42
97            android:theme="@style/FishBunTheme" />
97-->[com.sangcomz:FishBun:0.11.2] AndroidManifest.xml:25:13-48
98        <activity
98-->[com.sangcomz:FishBun:0.11.2] AndroidManifest.xml:26:9-28:51
99            android:name="com.sangcomz.fishbun.ui.picker.PickerActivity"
99-->[com.sangcomz:FishBun:0.11.2] AndroidManifest.xml:27:13-73
100            android:theme="@style/FishBunTheme" />
100-->[com.sangcomz:FishBun:0.11.2] AndroidManifest.xml:28:13-48
101        <activity
101-->[com.sangcomz:FishBun:0.11.2] AndroidManifest.xml:29:9-31:54
102            android:name="com.sangcomz.fishbun.ui.detail.DetailActivity"
102-->[com.sangcomz:FishBun:0.11.2] AndroidManifest.xml:30:13-73
103            android:theme="@style/DetailViewTheme" />
103-->[com.sangcomz:FishBun:0.11.2] AndroidManifest.xml:31:13-51
104        <activity
104-->[com.google.android.gms:play-services-base:17.4.0] AndroidManifest.xml:23:9-26:75
105            android:name="com.google.android.gms.common.api.GoogleApiActivity"
105-->[com.google.android.gms:play-services-base:17.4.0] AndroidManifest.xml:24:13-79
106            android:exported="false"
106-->[com.google.android.gms:play-services-base:17.4.0] AndroidManifest.xml:25:13-37
107            android:theme="@android:style/Theme.Translucent.NoTitleBar" />
107-->[com.google.android.gms:play-services-base:17.4.0] AndroidManifest.xml:26:13-72
108
109        <meta-data
109-->[com.google.android.gms:play-services-basement:17.4.0] AndroidManifest.xml:23:9-25:69
110            android:name="com.google.android.gms.version"
110-->[com.google.android.gms:play-services-basement:17.4.0] AndroidManifest.xml:24:13-58
111            android:value="@integer/google_play_services_version" />
111-->[com.google.android.gms:play-services-basement:17.4.0] AndroidManifest.xml:25:13-66
112    </application>
113
114</manifest>